{"C:\\Users\\Usuario\\Documents\\Desafio\\src\\recintos-zoo.js": {"path":"C:\\Users\\Usuario\\Documents\\Desafio\\src\\recintos-zoo.js","all":false,"statementMap":{"0":{"start":{"line":1,"column":0},"end":{"line":1,"column":15}},"1":{"start":{"line":2,"column":0},"end":{"line":2,"column":90}},"2":{"start":{"line":3,"column":0},"end":{"line":3,"column":60}},"3":{"start":{"line":4,"column":0},"end":{"line":4,"column":94}},"4":{"start":{"line":5,"column":0},"end":{"line":5,"column":55}},"5":{"start":{"line":6,"column":0},"end":{"line":6,"column":87}},"6":{"start":{"line":7,"column":0},"end":{"line":7,"column":2}},"7":{"start":{"line":8,"column":0},"end":{"line":8,"column":19}},"8":{"start":{"line":9,"column":0},"end":{"line":9,"column":71}},"9":{"start":{"line":10,"column":0},"end":{"line":10,"column":75}},"10":{"start":{"line":11,"column":0},"end":{"line":11,"column":73}},"11":{"start":{"line":12,"column":0},"end":{"line":12,"column":87}},"12":{"start":{"line":13,"column":0},"end":{"line":13,"column":56}},"13":{"start":{"line":14,"column":0},"end":{"line":14,"column":83}},"14":{"start":{"line":15,"column":0},"end":{"line":15,"column":2}},"15":{"start":{"line":16,"column":0},"end":{"line":16,"column":21}},"16":{"start":{"line":17,"column":0},"end":{"line":17,"column":29}},"17":{"start":{"line":18,"column":0},"end":{"line":18,"column":78}},"18":{"start":{"line":19,"column":0},"end":{"line":19,"column":5}},"19":{"start":{"line":20,"column":0},"end":{"line":20,"column":2}},"20":{"start":{"line":21,"column":0},"end":{"line":21,"column":32}},"21":{"start":{"line":22,"column":0},"end":{"line":22,"column":20}},"22":{"start":{"line":23,"column":0},"end":{"line":23,"column":37}},"23":{"start":{"line":24,"column":0},"end":{"line":24,"column":98}},"24":{"start":{"line":25,"column":0},"end":{"line":25,"column":49}},"25":{"start":{"line":26,"column":0},"end":{"line":26,"column":17}},"26":{"start":{"line":27,"column":0},"end":{"line":27,"column":5}},"27":{"start":{"line":28,"column":0},"end":{"line":28,"column":2}},"28":{"start":{"line":29,"column":0},"end":{"line":29,"column":43}},"29":{"start":{"line":30,"column":0},"end":{"line":30,"column":35}},"30":{"start":{"line":31,"column":0},"end":{"line":31,"column":64}},"31":{"start":{"line":32,"column":0},"end":{"line":32,"column":5}},"32":{"start":{"line":33,"column":0},"end":{"line":33,"column":2}},"33":{"start":{"line":34,"column":0},"end":{"line":34,"column":43}},"34":{"start":{"line":35,"column":0},"end":{"line":35,"column":72}},"35":{"start":{"line":36,"column":0},"end":{"line":36,"column":5}},"36":{"start":{"line":37,"column":0},"end":{"line":37,"column":2}},"37":{"start":{"line":38,"column":0},"end":{"line":38,"column":48}},"38":{"start":{"line":39,"column":0},"end":{"line":39,"column":54}},"39":{"start":{"line":40,"column":0},"end":{"line":40,"column":22}},"40":{"start":{"line":41,"column":0},"end":{"line":41,"column":2}},"41":{"start":{"line":42,"column":0},"end":{"line":42,"column":52}},"42":{"start":{"line":43,"column":0},"end":{"line":43,"column":48}},"43":{"start":{"line":44,"column":0},"end":{"line":44,"column":23}},"44":{"start":{"line":45,"column":0},"end":{"line":45,"column":9}},"45":{"start":{"line":46,"column":0},"end":{"line":46,"column":7}},"46":{"start":{"line":47,"column":0},"end":{"line":47,"column":18}},"47":{"start":{"line":48,"column":0},"end":{"line":48,"column":5}},"48":{"start":{"line":49,"column":0},"end":{"line":49,"column":2}},"49":{"start":{"line":50,"column":0},"end":{"line":50,"column":48}},"50":{"start":{"line":51,"column":0},"end":{"line":51,"column":74}},"51":{"start":{"line":52,"column":0},"end":{"line":52,"column":5}},"52":{"start":{"line":53,"column":0},"end":{"line":53,"column":2}},"53":{"start":{"line":54,"column":0},"end":{"line":54,"column":33}},"54":{"start":{"line":55,"column":0},"end":{"line":55,"column":37}},"55":{"start":{"line":56,"column":0},"end":{"line":56,"column":6}},"56":{"start":{"line":57,"column":0},"end":{"line":57,"column":49}},"57":{"start":{"line":58,"column":0},"end":{"line":58,"column":2}},"58":{"start":{"line":59,"column":0},"end":{"line":59,"column":18}},"59":{"start":{"line":60,"column":0},"end":{"line":60,"column":5}},"60":{"start":{"line":61,"column":0},"end":{"line":61,"column":2}},"61":{"start":{"line":62,"column":0},"end":{"line":62,"column":64}},"62":{"start":{"line":63,"column":0},"end":{"line":63,"column":41}},"63":{"start":{"line":64,"column":0},"end":{"line":64,"column":60}},"64":{"start":{"line":65,"column":0},"end":{"line":65,"column":2}},"65":{"start":{"line":66,"column":0},"end":{"line":66,"column":56}},"66":{"start":{"line":67,"column":0},"end":{"line":67,"column":23}},"67":{"start":{"line":68,"column":0},"end":{"line":68,"column":9}},"68":{"start":{"line":69,"column":0},"end":{"line":69,"column":2}},"69":{"start":{"line":70,"column":0},"end":{"line":70,"column":12}},"70":{"start":{"line":71,"column":0},"end":{"line":71,"column":61}},"71":{"start":{"line":72,"column":0},"end":{"line":72,"column":79}},"72":{"start":{"line":73,"column":0},"end":{"line":73,"column":11}},"73":{"start":{"line":74,"column":0},"end":{"line":74,"column":22}},"74":{"start":{"line":75,"column":0},"end":{"line":75,"column":9}},"75":{"start":{"line":76,"column":0},"end":{"line":76,"column":2}},"76":{"start":{"line":77,"column":0},"end":{"line":77,"column":12}},"77":{"start":{"line":78,"column":0},"end":{"line":78,"column":63}},"78":{"start":{"line":79,"column":0},"end":{"line":79,"column":65}},"79":{"start":{"line":80,"column":0},"end":{"line":80,"column":11}},"80":{"start":{"line":81,"column":0},"end":{"line":81,"column":22}},"81":{"start":{"line":82,"column":0},"end":{"line":82,"column":9}},"82":{"start":{"line":83,"column":0},"end":{"line":83,"column":2}},"83":{"start":{"line":84,"column":0},"end":{"line":84,"column":21}},"84":{"start":{"line":85,"column":0},"end":{"line":85,"column":9}},"85":{"start":{"line":86,"column":0},"end":{"line":86,"column":5}},"86":{"start":{"line":87,"column":0},"end":{"line":87,"column":2}},"87":{"start":{"line":88,"column":0},"end":{"line":88,"column":43}},"88":{"start":{"line":89,"column":0},"end":{"line":89,"column":16}},"89":{"start":{"line":90,"column":0},"end":{"line":90,"column":26}},"90":{"start":{"line":91,"column":0},"end":{"line":91,"column":64}},"91":{"start":{"line":92,"column":0},"end":{"line":92,"column":57}},"92":{"start":{"line":93,"column":0},"end":{"line":93,"column":19}},"93":{"start":{"line":94,"column":0},"end":{"line":94,"column":29}},"94":{"start":{"line":95,"column":0},"end":{"line":95,"column":11}},"95":{"start":{"line":96,"column":0},"end":{"line":96,"column":15}},"96":{"start":{"line":97,"column":0},"end":{"line":97,"column":16}},"97":{"start":{"line":98,"column":0},"end":{"line":98,"column":75}},"98":{"start":{"line":99,"column":0},"end":{"line":99,"column":36}},"99":{"start":{"line":100,"column":0},"end":{"line":100,"column":59}},"100":{"start":{"line":101,"column":0},"end":{"line":101,"column":80}},"101":{"start":{"line":102,"column":0},"end":{"line":102,"column":2}},"102":{"start":{"line":103,"column":0},"end":{"line":103,"column":36}},"103":{"start":{"line":104,"column":0},"end":{"line":104,"column":25}},"104":{"start":{"line":105,"column":0},"end":{"line":105,"column":11}},"105":{"start":{"line":106,"column":0},"end":{"line":106,"column":2}},"106":{"start":{"line":107,"column":0},"end":{"line":107,"column":60}},"107":{"start":{"line":108,"column":0},"end":{"line":108,"column":26}},"108":{"start":{"line":109,"column":0},"end":{"line":109,"column":28}},"109":{"start":{"line":110,"column":0},"end":{"line":110,"column":26}},"110":{"start":{"line":111,"column":0},"end":{"line":111,"column":12}},"111":{"start":{"line":112,"column":0},"end":{"line":112,"column":2}},"112":{"start":{"line":113,"column":0},"end":{"line":113,"column":39}},"113":{"start":{"line":114,"column":0},"end":{"line":114,"column":16}},"114":{"start":{"line":115,"column":0},"end":{"line":115,"column":65}},"115":{"start":{"line":116,"column":0},"end":{"line":116,"column":61}},"116":{"start":{"line":117,"column":0},"end":{"line":117,"column":15}},"117":{"start":{"line":118,"column":0},"end":{"line":118,"column":37}},"118":{"start":{"line":119,"column":0},"end":{"line":119,"column":13}},"119":{"start":{"line":120,"column":0},"end":{"line":120,"column":2}},"120":{"start":{"line":121,"column":0},"end":{"line":121,"column":25}},"121":{"start":{"line":122,"column":0},"end":{"line":122,"column":11}},"122":{"start":{"line":123,"column":0},"end":{"line":123,"column":2}},"123":{"start":{"line":124,"column":0},"end":{"line":124,"column":14}},"124":{"start":{"line":125,"column":0},"end":{"line":125,"column":63}},"125":{"start":{"line":126,"column":0},"end":{"line":126,"column":77}},"126":{"start":{"line":127,"column":0},"end":{"line":127,"column":13}},"127":{"start":{"line":128,"column":0},"end":{"line":128,"column":35}},"128":{"start":{"line":129,"column":0},"end":{"line":129,"column":11}},"129":{"start":{"line":130,"column":0},"end":{"line":130,"column":2}},"130":{"start":{"line":131,"column":0},"end":{"line":131,"column":23}},"131":{"start":{"line":132,"column":0},"end":{"line":132,"column":10}},"132":{"start":{"line":133,"column":0},"end":{"line":133,"column":25}},"133":{"start":{"line":134,"column":0},"end":{"line":134,"column":5}},"134":{"start":{"line":135,"column":0},"end":{"line":135,"column":2}},"135":{"start":{"line":136,"column":0},"end":{"line":136,"column":41}},"136":{"start":{"line":137,"column":0},"end":{"line":137,"column":54}},"137":{"start":{"line":138,"column":0},"end":{"line":138,"column":2}},"138":{"start":{"line":139,"column":0},"end":{"line":139,"column":24}},"139":{"start":{"line":140,"column":0},"end":{"line":140,"column":57}},"140":{"start":{"line":141,"column":0},"end":{"line":141,"column":7}},"141":{"start":{"line":142,"column":0},"end":{"line":142,"column":2}},"142":{"start":{"line":143,"column":0},"end":{"line":143,"column":54}},"143":{"start":{"line":144,"column":0},"end":{"line":144,"column":61}},"144":{"start":{"line":145,"column":0},"end":{"line":145,"column":7}},"145":{"start":{"line":146,"column":0},"end":{"line":146,"column":2}},"146":{"start":{"line":147,"column":0},"end":{"line":147,"column":73}},"147":{"start":{"line":148,"column":0},"end":{"line":148,"column":2}},"148":{"start":{"line":149,"column":0},"end":{"line":149,"column":56}},"149":{"start":{"line":150,"column":0},"end":{"line":150,"column":63}},"150":{"start":{"line":151,"column":0},"end":{"line":151,"column":7}},"151":{"start":{"line":152,"column":0},"end":{"line":152,"column":2}},"152":{"start":{"line":153,"column":0},"end":{"line":153,"column":60}},"153":{"start":{"line":154,"column":0},"end":{"line":154,"column":2}},"154":{"start":{"line":155,"column":0},"end":{"line":155,"column":14}},"155":{"start":{"line":156,"column":0},"end":{"line":156,"column":24}},"156":{"start":{"line":157,"column":0},"end":{"line":157,"column":8}},"157":{"start":{"line":158,"column":0},"end":{"line":158,"column":5}},"158":{"start":{"line":159,"column":0},"end":{"line":159,"column":3}},"159":{"start":{"line":160,"column":0},"end":{"line":160,"column":2}},"160":{"start":{"line":161,"column":0},"end":{"line":161,"column":40}}},"s":{"0":1,"1":1,"2":1,"3":1,"4":1,"5":1,"6":1,"7":1,"8":1,"9":1,"10":1,"11":1,"12":1,"13":1,"14":1,"15":1,"16":1,"17":9,"18":9,"19":1,"20":1,"21":15,"22":15,"23":9,"24":15,"25":15,"26":15,"27":1,"28":1,"29":15,"30":15,"31":15,"32":1,"33":1,"34":10,"35":10,"36":1,"37":1,"38":0,"39":0,"40":0,"41":0,"42":0,"43":0,"44":0,"45":0,"46":0,"47":0,"48":1,"49":1,"50":10,"51":10,"52":1,"53":1,"54":3,"55":3,"56":3,"57":3,"58":3,"59":3,"60":1,"61":1,"62":4,"63":4,"64":4,"65":4,"66":1,"67":1,"68":3,"69":3,"70":4,"71":2,"72":4,"73":2,"74":2,"75":1,"76":1,"77":4,"78":0,"79":4,"80":0,"81":0,"82":1,"83":1,"84":4,"85":4,"86":1,"87":1,"88":3,"89":3,"90":15,"91":15,"92":15,"93":15,"94":15,"95":7,"96":15,"97":15,"98":15,"99":15,"100":15,"101":15,"102":15,"103":5,"104":5,"105":10,"106":10,"107":10,"108":10,"109":10,"110":10,"111":10,"112":15,"113":4,"114":4,"115":2,"116":4,"117":2,"118":2,"119":2,"120":2,"121":2,"122":6,"123":6,"124":6,"125":4,"126":15,"127":2,"128":2,"129":4,"130":4,"131":3,"132":3,"133":3,"134":1,"135":1,"136":5,"137":5,"138":5,"139":1,"140":1,"141":4,"142":5,"143":1,"144":1,"145":3,"146":3,"147":3,"148":5,"149":1,"150":1,"151":2,"152":2,"153":2,"154":2,"155":2,"156":2,"157":2,"158":1,"159":1,"160":1},"branchMap":{"0":{"type":"branch","line":17,"loc":{"start":{"line":17,"column":4},"end":{"line":19,"column":5}},"locations":[{"start":{"line":17,"column":4},"end":{"line":19,"column":5}}]},"1":{"type":"branch","line":18,"loc":{"start":{"line":18,"column":37},"end":{"line":18,"column":76}},"locations":[{"start":{"line":18,"column":37},"end":{"line":18,"column":76}}]},"2":{"type":"branch","line":21,"loc":{"start":{"line":21,"column":4},"end":{"line":27,"column":5}},"locations":[{"start":{"line":21,"column":4},"end":{"line":27,"column":5}}]},"3":{"type":"branch","line":23,"loc":{"start":{"line":23,"column":30},"end":{"line":25,"column":47}},"locations":[{"start":{"line":23,"column":30},"end":{"line":25,"column":47}}]},"4":{"type":"branch","line":24,"loc":{"start":{"line":24,"column":41},"end":{"line":24,"column":96}},"locations":[{"start":{"line":24,"column":41},"end":{"line":24,"column":96}}]},"5":{"type":"branch","line":29,"loc":{"start":{"line":29,"column":4},"end":{"line":32,"column":5}},"locations":[{"start":{"line":29,"column":4},"end":{"line":32,"column":5}}]},"6":{"type":"branch","line":31,"loc":{"start":{"line":31,"column":9},"end":{"line":31,"column":62}},"locations":[{"start":{"line":31,"column":9},"end":{"line":31,"column":62}}]},"7":{"type":"branch","line":34,"loc":{"start":{"line":34,"column":4},"end":{"line":36,"column":5}},"locations":[{"start":{"line":34,"column":4},"end":{"line":36,"column":5}}]},"8":{"type":"branch","line":35,"loc":{"start":{"line":35,"column":33},"end":{"line":35,"column":70}},"locations":[{"start":{"line":35,"column":33},"end":{"line":35,"column":70}}]},"9":{"type":"branch","line":50,"loc":{"start":{"line":50,"column":4},"end":{"line":52,"column":5}},"locations":[{"start":{"line":50,"column":4},"end":{"line":52,"column":5}}]},"10":{"type":"branch","line":54,"loc":{"start":{"line":54,"column":4},"end":{"line":60,"column":5}},"locations":[{"start":{"line":54,"column":4},"end":{"line":60,"column":5}}]},"11":{"type":"branch","line":62,"loc":{"start":{"line":62,"column":4},"end":{"line":86,"column":5}},"locations":[{"start":{"line":62,"column":4},"end":{"line":86,"column":5}}]},"12":{"type":"branch","line":63,"loc":{"start":{"line":63,"column":34},"end":{"line":85,"column":7}},"locations":[{"start":{"line":63,"column":34},"end":{"line":85,"column":7}}]},"13":{"type":"branch","line":66,"loc":{"start":{"line":66,"column":55},"end":{"line":68,"column":9}},"locations":[{"start":{"line":66,"column":55},"end":{"line":68,"column":9}}]},"14":{"type":"branch","line":68,"loc":{"start":{"line":68,"column":8},"end":{"line":71,"column":37}},"locations":[{"start":{"line":68,"column":8},"end":{"line":71,"column":37}}]},"15":{"type":"branch","line":71,"loc":{"start":{"line":71,"column":33},"end":{"line":71,"column":57}},"locations":[{"start":{"line":71,"column":33},"end":{"line":71,"column":57}}]},"16":{"type":"branch","line":71,"loc":{"start":{"line":71,"column":57},"end":{"line":72,"column":79}},"locations":[{"start":{"line":71,"column":57},"end":{"line":72,"column":79}}]},"17":{"type":"branch","line":73,"loc":{"start":{"line":73,"column":10},"end":{"line":75,"column":9}},"locations":[{"start":{"line":73,"column":10},"end":{"line":75,"column":9}}]},"18":{"type":"branch","line":75,"loc":{"start":{"line":75,"column":8},"end":{"line":78,"column":59}},"locations":[{"start":{"line":75,"column":8},"end":{"line":78,"column":59}}]},"19":{"type":"branch","line":78,"loc":{"start":{"line":78,"column":59},"end":{"line":79,"column":65}},"locations":[{"start":{"line":78,"column":59},"end":{"line":79,"column":65}}]},"20":{"type":"branch","line":80,"loc":{"start":{"line":80,"column":10},"end":{"line":82,"column":9}},"locations":[{"start":{"line":80,"column":10},"end":{"line":82,"column":9}}]},"21":{"type":"branch","line":82,"loc":{"start":{"line":82,"column":8},"end":{"line":85,"column":7}},"locations":[{"start":{"line":82,"column":8},"end":{"line":85,"column":7}}]},"22":{"type":"branch","line":88,"loc":{"start":{"line":88,"column":4},"end":{"line":134,"column":5}},"locations":[{"start":{"line":88,"column":4},"end":{"line":134,"column":5}}]},"23":{"type":"branch","line":90,"loc":{"start":{"line":90,"column":14},"end":{"line":132,"column":9}},"locations":[{"start":{"line":90,"column":14},"end":{"line":132,"column":9}}]},"24":{"type":"branch","line":96,"loc":{"start":{"line":96,"column":-1},"end":{"line":96,"column":15}},"locations":[{"start":{"line":96,"column":-1},"end":{"line":96,"column":15}}]},"25":{"type":"branch","line":97,"loc":{"start":{"line":97,"column":-1},"end":{"line":97,"column":15}},"locations":[{"start":{"line":97,"column":-1},"end":{"line":97,"column":15}}]},"26":{"type":"branch","line":103,"loc":{"start":{"line":103,"column":35},"end":{"line":105,"column":11}},"locations":[{"start":{"line":103,"column":35},"end":{"line":105,"column":11}}]},"27":{"type":"branch","line":105,"loc":{"start":{"line":105,"column":10},"end":{"line":113,"column":38}},"locations":[{"start":{"line":105,"column":10},"end":{"line":113,"column":38}}]},"28":{"type":"branch","line":113,"loc":{"start":{"line":113,"column":38},"end":{"line":122,"column":11}},"locations":[{"start":{"line":113,"column":38},"end":{"line":122,"column":11}}]},"29":{"type":"branch","line":115,"loc":{"start":{"line":115,"column":62},"end":{"line":116,"column":61}},"locations":[{"start":{"line":115,"column":62},"end":{"line":116,"column":61}}]},"30":{"type":"branch","line":116,"loc":{"start":{"line":116,"column":42},"end":{"line":116,"column":60}},"locations":[{"start":{"line":116,"column":42},"end":{"line":116,"column":60}}]},"31":{"type":"branch","line":117,"loc":{"start":{"line":117,"column":14},"end":{"line":122,"column":11}},"locations":[{"start":{"line":117,"column":14},"end":{"line":122,"column":11}}]},"32":{"type":"branch","line":122,"loc":{"start":{"line":122,"column":10},"end":{"line":125,"column":63}},"locations":[{"start":{"line":122,"column":10},"end":{"line":125,"column":63}}]},"33":{"type":"branch","line":125,"loc":{"start":{"line":125,"column":60},"end":{"line":126,"column":77}},"locations":[{"start":{"line":125,"column":60},"end":{"line":126,"column":77}}]},"34":{"type":"branch","line":127,"loc":{"start":{"line":127,"column":12},"end":{"line":129,"column":11}},"locations":[{"start":{"line":127,"column":12},"end":{"line":129,"column":11}}]},"35":{"type":"branch","line":129,"loc":{"start":{"line":129,"column":10},"end":{"line":132,"column":9}},"locations":[{"start":{"line":129,"column":10},"end":{"line":132,"column":9}}]},"36":{"type":"branch","line":136,"loc":{"start":{"line":136,"column":4},"end":{"line":158,"column":5}},"locations":[{"start":{"line":136,"column":4},"end":{"line":158,"column":5}}]},"37":{"type":"branch","line":139,"loc":{"start":{"line":139,"column":23},"end":{"line":141,"column":7}},"locations":[{"start":{"line":139,"column":23},"end":{"line":141,"column":7}}]},"38":{"type":"branch","line":141,"loc":{"start":{"line":141,"column":6},"end":{"line":143,"column":25}},"locations":[{"start":{"line":141,"column":6},"end":{"line":143,"column":25}}]},"39":{"type":"branch","line":143,"loc":{"start":{"line":143,"column":21},"end":{"line":143,"column":51}},"locations":[{"start":{"line":143,"column":21},"end":{"line":143,"column":51}}]},"40":{"type":"branch","line":143,"loc":{"start":{"line":143,"column":53},"end":{"line":145,"column":7}},"locations":[{"start":{"line":143,"column":53},"end":{"line":145,"column":7}}]},"41":{"type":"branch","line":145,"loc":{"start":{"line":145,"column":6},"end":{"line":149,"column":53}},"locations":[{"start":{"line":145,"column":6},"end":{"line":149,"column":53}}]},"42":{"type":"branch","line":149,"loc":{"start":{"line":149,"column":55},"end":{"line":151,"column":7}},"locations":[{"start":{"line":149,"column":55},"end":{"line":151,"column":7}}]},"43":{"type":"branch","line":151,"loc":{"start":{"line":151,"column":6},"end":{"line":158,"column":5}},"locations":[{"start":{"line":151,"column":6},"end":{"line":158,"column":5}}]}},"b":{"0":[9],"1":[36],"2":[15],"3":[9],"4":[30],"5":[15],"6":[9],"7":[10],"8":[12],"9":[10],"10":[3],"11":[4],"12":[4],"13":[1],"14":[3],"15":[2],"16":[2],"17":[2],"18":[1],"19":[0],"20":[0],"21":[1],"22":[3],"23":[15],"24":[7],"25":[8],"26":[5],"27":[10],"28":[4],"29":[2],"30":[1],"31":[2],"32":[6],"33":[4],"34":[2],"35":[4],"36":[5],"37":[1],"38":[4],"39":[3],"40":[1],"41":[3],"42":[1],"43":[2]},"fnMap":{"0":{"name":"obtemInfoAnimal","decl":{"start":{"line":17,"column":4},"end":{"line":19,"column":5}},"loc":{"start":{"line":17,"column":4},"end":{"line":19,"column":5}},"line":17},"1":{"name":"obtemEspacoOcupado","decl":{"start":{"line":21,"column":4},"end":{"line":27,"column":5}},"loc":{"start":{"line":21,"column":4},"end":{"line":27,"column":5}},"line":21},"2":{"name":"contemAnimalDiferente","decl":{"start":{"line":29,"column":4},"end":{"line":32,"column":5}},"loc":{"start":{"line":29,"column":4},"end":{"line":32,"column":5}},"line":29},"3":{"name":"biomaValido","decl":{"start":{"line":34,"column":4},"end":{"line":36,"column":5}},"loc":{"start":{"line":34,"column":4},"end":{"line":36,"column":5}},"line":34},"4":{"name":"biomaExatoValido","decl":{"start":{"line":38,"column":4},"end":{"line":48,"column":5}},"loc":{"start":{"line":38,"column":4},"end":{"line":48,"column":5}},"line":38},"5":{"name":"gerarMensagemSucesso","decl":{"start":{"line":50,"column":4},"end":{"line":52,"column":5}},"loc":{"start":{"line":50,"column":4},"end":{"line":52,"column":5}},"line":50},"6":{"name":"gerarMensagemErro","decl":{"start":{"line":54,"column":4},"end":{"line":60,"column":5}},"loc":{"start":{"line":54,"column":4},"end":{"line":60,"column":5}},"line":54},"7":{"name":"animaisCompativeis","decl":{"start":{"line":62,"column":4},"end":{"line":86,"column":5}},"loc":{"start":{"line":62,"column":4},"end":{"line":86,"column":5}},"line":62},"8":{"name":"obtemRecintos","decl":{"start":{"line":88,"column":4},"end":{"line":134,"column":5}},"loc":{"start":{"line":88,"column":4},"end":{"line":134,"column":5}},"line":88},"9":{"name":"analisaRecintos","decl":{"start":{"line":136,"column":4},"end":{"line":158,"column":5}},"loc":{"start":{"line":136,"column":4},"end":{"line":158,"column":5}},"line":136}},"f":{"0":9,"1":15,"2":15,"3":10,"4":0,"5":10,"6":3,"7":4,"8":3,"9":5}}
}
