TN:
SF:src\recintos-zoo.js
FN:17,obtemInfoAnimal
FN:21,obtemEspacoOcupado
FN:29,contemAnimalDiferente
FN:34,biomaValido
FN:38,biomaExatoValido
FN:50,gerarMensagemSucesso
FN:54,gerarMensagemErro
FN:62,animaisCompativeis
FN:88,obtemRecintos
FN:136,analisaRecintos
FNF:10
FNH:9
FNDA:9,obtemInfoAnimal
FNDA:15,obtemEspacoOcupado
FNDA:15,contemAnimalDiferente
FNDA:10,biomaValido
FNDA:0,biomaExatoValido
FNDA:10,gerarMensagemSucesso
FNDA:3,gerarMensagemErro
FNDA:4,animaisCompativeis
FNDA:3,obtemRecintos
FNDA:5,analisaRecintos
DA:1,1
DA:2,1
DA:3,1
DA:4,1
DA:5,1
DA:6,1
DA:7,1
DA:8,1
DA:9,1
DA:10,1
DA:11,1
DA:12,1
DA:13,1
DA:14,1
DA:15,1
DA:16,1
DA:17,1
DA:18,9
DA:19,9
DA:20,1
DA:21,1
DA:22,15
DA:23,15
DA:24,9
DA:25,15
DA:26,15
DA:27,15
DA:28,1
DA:29,1
DA:30,15
DA:31,15
DA:32,15
DA:33,1
DA:34,1
DA:35,10
DA:36,10
DA:37,1
DA:38,1
DA:39,0
DA:40,0
DA:41,0
DA:42,0
DA:43,0
DA:44,0
DA:45,0
DA:46,0
DA:47,0
DA:48,0
DA:49,1
DA:50,1
DA:51,10
DA:52,10
DA:53,1
DA:54,1
DA:55,3
DA:56,3
DA:57,3
DA:58,3
DA:59,3
DA:60,3
DA:61,1
DA:62,1
DA:63,4
DA:64,4
DA:65,4
DA:66,4
DA:67,1
DA:68,1
DA:69,3
DA:70,3
DA:71,4
DA:72,2
DA:73,4
DA:74,2
DA:75,2
DA:76,1
DA:77,1
DA:78,4
DA:79,0
DA:80,4
DA:81,0
DA:82,0
DA:83,1
DA:84,1
DA:85,4
DA:86,4
DA:87,1
DA:88,1
DA:89,3
DA:90,3
DA:91,15
DA:92,15
DA:93,15
DA:94,15
DA:95,15
DA:96,7
DA:97,15
DA:98,15
DA:99,15
DA:100,15
DA:101,15
DA:102,15
DA:103,15
DA:104,5
DA:105,5
DA:106,10
DA:107,10
DA:108,10
DA:109,10
DA:110,10
DA:111,10
DA:112,10
DA:113,15
DA:114,4
DA:115,4
DA:116,2
DA:117,4
DA:118,2
DA:119,2
DA:120,2
DA:121,2
DA:122,2
DA:123,6
DA:124,6
DA:125,6
DA:126,4
DA:127,15
DA:128,2
DA:129,2
DA:130,4
DA:131,4
DA:132,3
DA:133,3
DA:134,3
DA:135,1
DA:136,1
DA:137,5
DA:138,5
DA:139,5
DA:140,1
DA:141,1
DA:142,4
DA:143,5
DA:144,1
DA:145,1
DA:146,3
DA:147,3
DA:148,3
DA:149,5
DA:150,1
DA:151,1
DA:152,2
DA:153,2
DA:154,2
DA:155,2
DA:156,2
DA:157,2
DA:158,2
DA:159,1
DA:160,1
DA:161,1
LF:161
LH:148
BRDA:17,0,0,9
BRDA:18,1,0,36
BRDA:21,2,0,15
BRDA:23,3,0,9
BRDA:24,4,0,30
BRDA:29,5,0,15
BRDA:31,6,0,9
BRDA:34,7,0,10
BRDA:35,8,0,12
BRDA:50,9,0,10
BRDA:54,10,0,3
BRDA:62,11,0,4
BRDA:63,12,0,4
BRDA:66,13,0,1
BRDA:68,14,0,3
BRDA:71,15,0,2
BRDA:71,16,0,2
BRDA:73,17,0,2
BRDA:75,18,0,1
BRDA:78,19,0,0
BRDA:80,20,0,0
BRDA:82,21,0,1
BRDA:88,22,0,3
BRDA:90,23,0,15
BRDA:96,24,0,7
BRDA:97,25,0,8
BRDA:103,26,0,5
BRDA:105,27,0,10
BRDA:113,28,0,4
BRDA:115,29,0,2
BRDA:116,30,0,1
BRDA:117,31,0,2
BRDA:122,32,0,6
BRDA:125,33,0,4
BRDA:127,34,0,2
BRDA:129,35,0,4
BRDA:136,36,0,5
BRDA:139,37,0,1
BRDA:141,38,0,4
BRDA:143,39,0,3
BRDA:143,40,0,1
BRDA:145,41,0,3
BRDA:149,42,0,1
BRDA:151,43,0,2
BRF:44
BRH:42
end_of_record
